2023-09-25 11:04:04,055 [Worker-5: Loading available Gradle versions] INFO  o.e.b.c.i.u.g.PublishedGradleVersions - Gradle version information cache is up-to-date. Trying to read.
2023-09-25 11:05:33,718 [Worker-9: Updating Maven Dependencies] INFO  o.e.m.c.i.l.LifecycleMappingFactory - Using org.eclipse.m2e.jdt.JarLifecycleMapping lifecycle mapping for MavenProject: com.fidelity:JDBCAssessmentStarter:1.0.0 @ D:\Associate\Desktop\project_jdbc\pom.xml.
2023-09-25 11:05:37,815 [Worker-17: Building] INFO  o.e.m.c.i.embedder.EclipseLogger - Using 'UTF-8' encoding to copy filtered resources.
2023-09-25 11:05:37,821 [Worker-17: Building] INFO  o.e.m.c.i.embedder.EclipseLogger - Copying 2 resources
2023-09-25 11:05:37,838 [Worker-17: Building] INFO  o.e.m.c.i.embedder.EclipseLogger - Using 'UTF-8' encoding to copy filtered resources.
2023-09-25 11:05:37,839 [Worker-17: Building] INFO  o.e.m.c.i.embedder.EclipseLogger - Copying 1 resource
2023-10-03 23:17:29,696 [Worker-3: Loading available Gradle versions] INFO  o.e.b.c.i.u.g.PublishedGradleVersions - Gradle version information cache is up-to-date. Trying to read.
2023-10-03 23:17:35,599 [Worker-10: Building] INFO  o.e.m.c.i.embedder.EclipseLogger - Using 'UTF-8' encoding to copy filtered resources.
2023-10-03 23:17:35,606 [Worker-10: Building] INFO  o.e.m.c.i.embedder.EclipseLogger - Copying 2 resources
2023-10-03 23:17:35,622 [Worker-10: Building] INFO  o.e.m.c.i.embedder.EclipseLogger - Using 'UTF-8' encoding to copy filtered resources.
2023-10-03 23:17:35,623 [Worker-10: Building] INFO  o.e.m.c.i.embedder.EclipseLogger - Copying 1 resource
2023-10-03 23:17:55,668 [Start Help Server] INFO  org.eclipse.jetty.server.Server - jetty-10.0.13; built: 2022-12-07T20:13:20.134Z; git: 1c2636ea05c0ca8de1ffd6ca7f3a98ac084c766d; jvm 17.0.7+8-LTS-224
2023-10-03 23:17:55,735 [Start Help Server] INFO  o.e.j.s.s.DefaultSessionIdManager - Session workerName=node0
2023-10-03 23:17:55,803 [Start Help Server] INFO  o.e.j.server.handler.ContextHandler - Started o.e.j.s.ServletContextHandler@285adbea{/help,null,AVAILABLE}
2023-10-03 23:17:55,836 [Start Help Server] INFO  o.e.jetty.server.AbstractConnector - Started ServerConnector@74508fc0{HTTP/1.1, (http/1.1)}{127.0.0.1:52082}
2023-10-03 23:17:55,861 [Start Help Server] INFO  org.eclipse.jetty.server.Server - Started Server@63446bfa{STARTING}[10.0.13,sto=0] @46480ms
2023-10-03 23:18:28,698 [Worker-1: Updating Maven Dependencies] INFO  o.e.m.c.i.l.LifecycleMappingFactory - Using org.eclipse.m2e.jdt.JarLifecycleMapping lifecycle mapping for MavenProject: com.fidelity:JDBCAssessmentStarter:1.0.0 @ D:\JDBC\JDBCAssessmentStarter\pom.xml.
2023-10-03 23:18:28,702 [Worker-0: Building] INFO  o.e.m.c.i.l.LifecycleMappingFactory - Using org.eclipse.m2e.jdt.JarLifecycleMapping lifecycle mapping for MavenProject: com.fidelity:JDBCAssessmentStarter:1.0.0 @ D:\JDBC\JDBCAssessmentStarter\pom.xml.
2023-10-03 23:18:29,264 [Worker-0: Building] INFO  o.e.m.c.i.embedder.EclipseLogger - Using 'UTF-8' encoding to copy filtered resources.
2023-10-03 23:18:29,265 [Worker-0: Building] INFO  o.e.m.c.i.embedder.EclipseLogger - Copying 2 resources
2023-10-03 23:18:29,363 [Worker-0: Building] INFO  o.e.m.c.i.embedder.EclipseLogger - Using 'UTF-8' encoding to copy filtered resources.
2023-10-03 23:18:29,364 [Worker-0: Building] INFO  o.e.m.c.i.embedder.EclipseLogger - Copying 1 resource
2023-10-03 23:18:31,139 [Worker-0: Updating Maven Dependencies] INFO  o.e.m.c.i.l.LifecycleMappingFactory - Using org.eclipse.m2e.jdt.JarLifecycleMapping lifecycle mapping for MavenProject: com.fidelity:JDBCAssessmentStarter:1.0.0 @ D:\JDBC\JDBCAssessmentStarter\pom.xml.
2023-10-04 00:07:16,894 [Stop Help Server] INFO  org.eclipse.jetty.server.Server - Stopped Server@63446bfa{STOPPING}[10.0.13,sto=0]
2023-10-04 00:07:16,906 [Stop Help Server] INFO  o.e.jetty.server.AbstractConnector - Stopped ServerConnector@74508fc0{HTTP/1.1, (http/1.1)}{127.0.0.1:0}
2023-10-04 00:07:16,924 [Stop Help Server] INFO  o.e.j.server.handler.ContextHandler - Stopped o.e.j.s.ServletContextHandler@285adbea{/help,null,STOPPED}
2023-10-06 12:00:50,839 [Worker-1: Loading available Gradle versions] INFO  o.e.b.c.i.u.g.PublishedGradleVersions - Gradle version information cache is up-to-date. Trying to read.
